============================= test session starts ==============================
platform darwin -- Python 3.11.3, pytest-7.2.2, pluggy-1.0.0
rootdir: /Users/timurahtyamov/PycharmProjects/Scriptsv0.7
collected 1 item

test_KURO.py 
✅ Авторизация:  1.99 с
✅ Выбор ЛПУ:  3.69 с
   🔼 Модуль - "Авторизация", выполнен за:  5.68 с
✅ Формирования окна - Дневник врача:  1.66 сек
✅ Пациент записан на услугу
✅ Услуга оказана
✅ Услуга отменена
✅ Запись удалена
   🔼 Модуль - "Дневник врача", выполнен за:  95.49 с
✅ Формирование окна - Расписание:  7.59 с
✅ Пациент записан к врачу
✅ Запись удалена
   🔼 Модуль - "Расписание", выполнен за:  46.68 с
✅ Пациент записан на госпитализацию
✅ Пациент госпитализирован
✅ Госпитализация отменена
✅ Запись на госпитализацию удалена
   🔼 Модуль - "Госпитализация", выполнен за:  100.19 с
✅ Тестовый пользователь - создан
❗️ Ошибка: Message: element not interactable
  (Session info: chrome=113.0.5672.92)
Stacktrace:
0   chromedriver                        0x0000000104e5f598 chromedriver + 4973976
1   chromedriver                        0x0000000104e56913 chromedriver + 4938003
2   chromedriver                        0x0000000104a13b50 chromedriver + 469840
3   chromedriver                        0x0000000104a58ea6 chromedriver + 753318
4   chromedriver                        0x0000000104a4b671 chromedriver + 697969
5   chromedriver                        0x0000000104a7b9c2 chromedriver + 895426
6   chromedriver                        0x0000000104a4ae51 chromedriver + 695889
7   chromedriver                        0x0000000104a7bb7e chromedriver + 895870
8   chromedriver                        0x0000000104a96856 chromedriver + 1005654
9   chromedriver                        0x0000000104a7b793 chromedriver + 894867
10  chromedriver                        0x0000000104a4921f chromedriver + 688671
11  chromedriver                        0x0000000104a4a56e chromedriver + 693614
12  chromedriver                        0x0000000104e19bb7 chromedriver + 4688823
13  chromedriver                        0x0000000104e1ea51 chromedriver + 4708945
14  chromedriver                        0x0000000104e2540f chromedriver + 4736015
15  chromedriver                        0x0000000104e1f91a chromedriver + 4712730
16  chromedriver                        0x0000000104df287c chromedriver + 4528252
17  chromedriver                        0x0000000104e3ef28 chromedriver + 4841256
18  chromedriver                        0x0000000104e3f0a7 chromedriver + 4841639
19  chromedriver                        0x0000000104e5028f chromedriver + 4911759
20  libsystem_pthread.dylib             0x00007ff81cb51259 _pthread_start + 125
21  libsystem_pthread.dylib             0x00007ff81cb4cc7b thread_start + 15

🏁 Затраченное время на тестирование:  310.58 с
.

======================== 1 passed in 317.28s (0:05:17) =========================
