============================= test session starts ==============================
platform darwin -- Python 3.11.3, pytest-7.2.2, pluggy-1.0.0
rootdir: /Users/timurahtyamov/PycharmProjects/Scriptsv0.7
collected 1 item

test_NSO.py 
✅ Авторизация:  1.93 с
✅ Выбор ЛПУ:  3.61 с
   🔼 Модуль - "Авторизация", выполнен за:  5.54 с
✅ Формирования окна - Дневник врача:  8.6 сек
✅ Пациент записан на услугу
✅ Услуга оказана
✅ Услуга отменена
✅ Запись удалена
   🔼 Модуль - "Дневник врача", выполнен за:  63.88 с
✅ Формирование окна - Расписание:  10.22 с
✅ Пациент записан к врачу
✅ Запись удалена
   🔼 Модуль - "Расписание", выполнен за:  37.56 с
✅ Пациент записан на госпитализацию
✅ Пациент госпитализирован
✅ Госпитализация отменена
✅ Запись на госпитализацию удалена
   🔼 Модуль - "Госпитализация", выполнен за:  26.88 с
✅ Тестовый пользователь - создан
✅ Тестовый пользователь - удален
   🔼 Модуль - "Поиск пациентов", выполнен за:  114.12 с
🏁 Затраченное время на тестирование:  253.24 с
.

======================== 1 passed in 261.07s (0:04:21) =========================
