============================= test session starts ==============================
platform darwin -- Python 3.11.3, pytest-7.2.2, pluggy-1.0.0
rootdir: /Users/timurahtyamov/PycharmProjects/Scriptsv0.7
collected 1 item

test_PK.py 
✅ Авторизация:  1.73 с
✅ Выбор ЛПУ:  3.34 с
   🔼 Модуль - "Авторизация", выполнен за:  5.07 с
✅ Формирования окна - Дневник врача:  4.56 сек
✅ Пациент записан на услугу
✅ Услуга оказана
✅ Услуга отменена
✅ Запись удалена
✅ Формирование окна - Расписание:  9.97 с
✅ Пациент записан к врачу
✅ Запись удалена
   🔼 Модуль - "Расписание", выполнен за:  43.45 с
✅ Пациент записан на госпитализацию
✅ Пациент госпитализирован
✅ Госпитализация отменена
✅ Запись на госпитализацию удалена
   🔼 Модуль - "Госпитализация", выполнен за:  32.46 с
✅ Тестовый пользователь - создан
✅ Тестовый пользователь - удален
   🔼 Модуль - "Поиск пациентов", выполнен за:  73.74 с
🏁 Затраченное время на тестирование:  231.07 с
.

======================== 1 passed in 239.39s (0:03:59) =========================
