============================= test session starts ==============================
platform darwin -- Python 3.11.3, pytest-7.2.2, pluggy-1.0.0
rootdir: /Users/timurahtyamov/PycharmProjects/Scriptsv1
collected 1 item

test_RO.py Ростова 🔽

⚠️️ Авторизация:  3.62 с (норма - менее 2 с)
✅ Выбор ЛПУ:  3.37 с
   🔼 Модуль - "Авторизация", выполнен за:  6.98 с
✅ Формирования окна - Дневник врача:  8.6 сек
✅ Пациент записан на услугу
✅ Услуга оказана
✅ Услуга отменена
✅ Запись удалена
   🔼 Модуль - "Дневник врача", выполнен за:  71.17 с
✅ Формирование окна - Расписание:  7.81 с
✅ Пациент записан к врачу
✅ Запись удалена
   🔼 Модуль - "Расписание", выполнен за:  48.81 с
✅ Пациент записан на госпитализацию
✅ Пациент госпитализирован
✅ Госпитализация отменена
✅ Запись на госпитализацию удалена
   🔼 Модуль - "Госпитализация", выполнен за:  37.18 с
✅ Тестовый пациент - создан
✅ Тестовый пациент - удален
   🔼 Модуль - "Поиск пациентов", выполнен за:  87.24 с
🏁 Затраченное время на тестирование:  255.48 с
.

======================== 1 passed in 262.68s (0:04:22) =========================
