============================= test session starts ==============================
platform darwin -- Python 3.11.3, pytest-7.2.2, pluggy-1.0.0
rootdir: /Users/timurahtyamov/PycharmProjects/Scriptsv0.7
collected 1 item

test_RO.py 
⚠️️ Авторизация:  2.06 с (норма - менее 2 с)
⚠️️ Выбор ЛПУ:  6.55 с (норма - менее 5 с)
   🔼 Модуль - "Авторизация", выполнен за:  8.61 с
✅ Формирования окна - Дневник врача:  6.77 сек
✅ Пациент записан на услугу
✅ Услуга оказана
✅ Услуга отменена
✅ Запись удалена
   🔼 Модуль - "Дневник врача", выполнен за:  58.9 с
✅ Формирование окна - Расписание:  6.65 с
✅ Пациент записан к врачу
✅ Запись удалена
   🔼 Модуль - "Расписание", выполнен за:  32.37 с
✅ Пациент записан на госпитализацию
✅ Пациент госпитализирован
✅ Госпитализация отменена
✅ Запись на госпитализацию удалена
   🔼 Модуль - "Госпитализация", выполнен за:  25.68 с
✅ Тестовый пользователь - создан
✅ Тестовый пользователь - удален
   🔼 Модуль - "Поиск пациентов", выполнен за:  58.65 с
🏁 Затраченное время на тестирование:  187.39 с
.

======================== 1 passed in 194.70s (0:03:14) =========================
